<?xml version="1.0" encoding="UTF-8"?>
<testsuite name="sdk.rfc9380.Rfc9380P256Test" tests="3" skipped="0" failures="0" errors="0" timestamp="2025-09-12T08:24:24" hostname="DESKTOP-PA3GPBB" time="0.144">
  <properties/>
  <testcase name="testMsgABC_RO()" classname="sdk.rfc9380.Rfc9380P256Test" time="0.141"/>
  <testcase name="testMsgHex_RO()" classname="sdk.rfc9380.Rfc9380P256Test" time="0.001"/>
  <testcase name="testMsgEmpty_RO()" classname="sdk.rfc9380.Rfc9380P256Test" time="0.001"/>
  <system-out><![CDATA[]]></system-out>
  <system-err><![CDATA[]]></system-err>
</testsuite>
