<?xml version="1.0" encoding="UTF-8"?>
<testsuite name="sdk.rfc9380.Rfc9380P256Test" tests="3" skipped="0" failures="0" errors="0" timestamp="2025-09-22T08:00:29" hostname="DESKTOP-PA3GPBB" time="0.151">
  <properties/>
  <testcase name="testMsgABC_RO()" classname="sdk.rfc9380.Rfc9380P256Test" time="0.148"/>
  <testcase name="testMsgHex_RO()" classname="sdk.rfc9380.Rfc9380P256Test" time="0.002"/>
  <testcase name="testMsgEmpty_RO()" classname="sdk.rfc9380.Rfc9380P256Test" time="0.001"/>
  <system-out><![CDATA[]]></system-out>
  <system-err><![CDATA[]]></system-err>
</testsuite>
